#
# There is insufficient memory for the Java Runtime Environment to continue.
# Native memory allocation (malloc) failed to allocate 1048576 bytes for AllocateHeap
# Possible reasons:
#   The system is out of physical RAM or swap space
#   In 32 bit mode, the process size limit was hit
# Possible solutions:
#   Reduce memory load on the system
#   Increase physical memory or swap space
#   Check if swap backing store is full
#   Use 64 bit Java on a 64 bit OS
#   Decrease Java heap size (-Xmx/-Xms)
#   Decrease number of Java threads
#   Decrease Java thread stack sizes (-Xss)
#   Set larger code cache with -XX:ReservedCodeCacheSize=
# This output file may be truncated or incomplete.
#
#  Out of Memory Error (memory/allocation.inline.hpp:61), pid=3628, tid=0x0000000000002c78
#
# JRE version:  (8.0_171-b11) (build )
# Java VM: Java HotSpot(TM) 64-Bit Server VM (25.171-b11 mixed mode windows-amd64 compressed oops)
# Failed to write core dump. Minidumps are not enabled by default on client versions of Windows
#

---------------  T H R E A D  ---------------

Current thread (0x0000000003703000):  JavaThread "Unknown thread" [_thread_in_vm, id=11384, stack(0x00000000030d0000,0x00000000031d0000)]

Stack: [0x00000000030d0000,0x00000000031d0000]
[error occurred during error reporting (printing stack bounds), id 0xc0000005]

Native frames: (J=compiled Java code, j=interpreted, Vv=VM code, C=native code)


---------------  P R O C E S S  ---------------

Java Threads: ( => current thread )

Other Threads:

=>0x0000000003703000 (exited) JavaThread "Unknown thread" [_thread_in_vm, id=11384, stack(0x00000000030d0000,0x00000000031d0000)]

VM state:not at safepoint (normal execution)

VM Mutex/Monitor currently owned by a thread: None

Heap:
 PSYoungGen      total 38400K, used 665K [0x00000000d5f80000, 0x00000000d8a00000, 0x0000000100000000)
  eden space 33280K, 2% used [0x00000000d5f80000,0x00000000d6026670,0x00000000d8000000)
  from space 5120K, 0% used [0x00000000d8500000,0x00000000d8500000,0x00000000d8a00000)
  to   space 5120K, 0% used [0x00000000d8000000,0x00000000d8000000,0x00000000d8500000)
 ParOldGen       total 87552K, used 0K [0x0000000081e00000, 0x0000000087380000, 0x00000000d5f80000)
  object space 87552K, 0% used [0x0000000081e00000,0x0000000081e00000,0x0000000087380000)
 Metaspace       used 761K, capacity 4480K, committed 4480K, reserved 1056768K
  class space    used 76K, capacity 384K, committed 384K, reserved 1048576K

Card table byte_map: [0x0000000012bc0000,0x0000000012fc0000] byte_map_base: 0x00000000127b1000

Marking Bits: (ParMarkBitMap*) 0x00000000583608c0
 Begin Bits: [0x0000000013670000, 0x00000000155f8000)
 End Bits:   [0x00000000155f8000, 0x0000000017580000)

Polling page: 0x0000000001390000

CodeCache: size=245760Kb used=328Kb max_used=328Kb free=245431Kb
 bounds [0x0000000003800000, 0x0000000003a70000, 0x0000000012800000]
 total_blobs=58 nmethods=0 adapters=38
 compilation: enabled

Compilation events (0 events):
No events

GC Heap History (0 events):
No events

Deoptimization events (0 events):
No events

Classes redefined (0 events):
No events

Internal exceptions (0 events):
No events

Events (10 events):
Event: 0.044 loading class java/lang/Short
Event: 0.044 loading class java/lang/Short done
Event: 0.044 loading class java/lang/Integer
Event: 0.044 loading class java/lang/Integer done
Event: 0.044 loading class java/lang/Long
Event: 0.044 loading class java/lang/Long done
Event: 0.045 loading class java/lang/NullPointerException
Event: 0.045 loading class java/lang/NullPointerException done
Event: 0.045 loading class java/lang/ArithmeticException
Event: 0.045 loading class java/lang/ArithmeticException done


Dynamic libraries:
0x00007ff634950000 - 0x00007ff634987000 	C:\Program Files\Java\jre1.8.0_171\bin\javaw.exe
0x00007ff9e4df0000 - 0x00007ff9e4fd1000 	C:\WINDOWS\SYSTEM32\ntdll.dll
0x00007ff9e3a40000 - 0x00007ff9e3af2000 	C:\WINDOWS\System32\KERNEL32.DLL
0x00007ff9e1850000 - 0x00007ff9e1ac3000 	C:\WINDOWS\System32\KERNELBASE.dll
0x00007ff9e3dd0000 - 0x00007ff9e3e71000 	C:\WINDOWS\System32\ADVAPI32.dll
0x00007ff9e4d10000 - 0x00007ff9e4dae000 	C:\WINDOWS\System32\msvcrt.dll
0x00007ff9e44d0000 - 0x00007ff9e452b000 	C:\WINDOWS\System32\sechost.dll
0x00007ff9e3b00000 - 0x00007ff9e3c24000 	C:\WINDOWS\System32\RPCRT4.dll
0x00007ff9e49a0000 - 0x00007ff9e4b30000 	C:\WINDOWS\System32\USER32.dll
0x00007ff9e2260000 - 0x00007ff9e2280000 	C:\WINDOWS\System32\win32u.dll
0x00007ff9e3a00000 - 0x00007ff9e3a28000 	C:\WINDOWS\System32\GDI32.dll
0x00007ff9e11c0000 - 0x00007ff9e1352000 	C:\WINDOWS\System32\gdi32full.dll
0x00007ff9e1460000 - 0x00007ff9e14ff000 	C:\WINDOWS\System32\msvcp_win.dll
0x00007ff9e1360000 - 0x00007ff9e145a000 	C:\WINDOWS\System32\ucrtbase.dll
0x00007ff9d5f00000 - 0x00007ff9d6169000 	C:\WINDOWS\WinSxS\amd64_microsoft.windows.common-controls_6595b64144ccf1df_6.0.17134.471_none_fb3e9aab3068fc16\COMCTL32.dll
0x00007ff9e4540000 - 0x00007ff9e4862000 	C:\WINDOWS\System32\combase.dll
0x00007ff9e1ad0000 - 0x00007ff9e1b4a000 	C:\WINDOWS\System32\bcryptPrimitives.dll
0x00007ff9e43b0000 - 0x00007ff9e43dd000 	C:\WINDOWS\System32\IMM32.DLL
0x0000000058780000 - 0x0000000058852000 	C:\Program Files\Java\jre1.8.0_171\bin\msvcr100.dll
0x0000000057b40000 - 0x00000000583e0000 	C:\Program Files\Java\jre1.8.0_171\bin\server\jvm.dll
0x00007ff9e4db0000 - 0x00007ff9e4db8000 	C:\WINDOWS\System32\PSAPI.DLL
0x00007ff9cad50000 - 0x00007ff9cad59000 	C:\WINDOWS\SYSTEM32\WSOCK32.dll
0x00007ff9ddee0000 - 0x00007ff9ddf03000 	C:\WINDOWS\SYSTEM32\WINMM.dll
0x00007ff9e4c00000 - 0x00007ff9e4c6c000 	C:\WINDOWS\System32\WS2_32.dll
0x00007ff9db7e0000 - 0x00007ff9db7ea000 	C:\WINDOWS\SYSTEM32\VERSION.dll
0x00007ff9ddeb0000 - 0x00007ff9ddeda000 	C:\WINDOWS\SYSTEM32\winmmbase.dll
0x00007ff9e17a0000 - 0x00007ff9e17e9000 	C:\WINDOWS\System32\cfgmgr32.dll
0x00000000589c0000 - 0x00000000589cf000 	C:\Program Files\Java\jre1.8.0_171\bin\verify.dll
0x0000000058990000 - 0x00000000589b9000 	C:\Program Files\Java\jre1.8.0_171\bin\java.dll
0x0000000058740000 - 0x0000000058775000 	C:\Program Files\Java\jre1.8.0_171\bin\jdwp.dll
0x0000000058730000 - 0x0000000058738000 	C:\Program Files\Java\jre1.8.0_171\bin\npt.dll
0x0000000058700000 - 0x0000000058723000 	C:\Program Files\Java\jre1.8.0_171\bin\instrument.dll
0x0000000058970000 - 0x0000000058986000 	C:\Program Files\Java\jre1.8.0_171\bin\zip.dll

VM Arguments:
jvm_args: -agentlib:jdwp=transport=dt_socket,suspend=y,address=localhost:49696 -javaagent:D:\SSR\ss\eclipse\eclipse\configuration\org.eclipse.osgi\237\0\.cp\lib\javaagent-shaded.jar -Dfile.encoding=GBK 
java_command: application.Main
java_class_path (initial): D:\SSR\ss\project\sss\bin;C:\Users\zheng\.p2\pool\plugins\org.eclipse.fx.ide.css.jfx8_2.4.0.201605112122.jar;D:\SSR\ss\eclipse\eclipse\configuration\org.eclipse.osgi\237\0\.cp\lib\javaagent-shaded.jar
Launcher Type: SUN_STANDARD

Environment Variables:
JAVA_HOME=C:\Program Files\Java\jdk1.8.0_171
CLASSPATH=.;C:\Program Files\Java\jdk1.8.0_171\lib\dt.jar;C:\Program Files\Java\jdk1.8.0_171\lib\tools.jar
PATH=C:/Program Files/Java/jre1.8.0_171/bin/server;C:/Program Files/Java/jre1.8.0_171/bin;C:/Program Files/Java/jre1.8.0_171/lib/amd64;C:\Program Files (x86)\Common Files\Oracle\Java\javapath;C:\ProgramData\Oracle\Java\javapath;C:\Program Files (x86)\Intel\iCLS Client\;C:\Program Files\Intel\iCLS Client\;C:\Windows\system32;C:\Windows;C:\Windows\System32\Wbem;C:\Windows\System32\WindowsPowerShell\v1.0\;C:\Program Files (x86)\NVIDIA Corporation\PhysX\Common;C:\Program Files (x86)\Intel\Intel(R) Management Engine Components\DAL;C:\Program Files\Intel\Intel(R) Management Engine Components\DAL;C:\Program Files (x86)\Intel\Intel(R) Management Engine Components\IPT;C:\Program Files\Intel\Intel(R) Management Engine Components\IPT;C:\Program Files\Java\jdk1.8.0_141\bin;C:\Program Files\Java\jdk1.8.0_171\bin;C:\Program Files\Java\jdk1.8.0_171\jre\bin;C:\WINDOWS\system32;C:\WINDOWS;C:\WINDOWS\System32\Wbem;C:\WINDOWS\System32\WindowsPowerShell\v1.0\;C:\Program Files\Java\jre1.8.0_141\bin;"C:\ProgramFiles\Java\jdk1.8.0_171\bin;C:\WINDOWS\System32\WindowsPowerShell\v1.0\";C:\WINDOWS\System32\OpenSSH\;E:\git\Git\cmd;E:\node\;C:\ProgramData\ComposerSetup\bin;E:\wamp\bin\php\php7.2.4;E:\linux\;C:\Users\zheng\AppData\Local\Programs\Python\Python36\Scripts\;C:\Users\zheng\AppData\Local\Programs\Python\Python36\;C:\Users\zheng\AppData\Local\Microsoft\WindowsApps;C:\Users\zheng\AppData\Local\GitHubDesktop\bin;E:\python2\Scripts;E:\python2;E:\wamp\bin\mysql\mysql5.7.21\bin;;C:\Users\zheng\AppData\Local\Microsoft\WindowsApps;C:\Users\zheng\AppData\Roaming\npm;C:\Users\zheng\AppData\Roaming\Composer\vendor\bin;D:\Desktop;
USERNAME=zheng
OS=Windows_NT
PROCESSOR_IDENTIFIER=Intel64 Family 6 Model 158 Stepping 9, GenuineIntel



---------------  S Y S T E M  ---------------

OS: Windows 10.0 , 64 bit Build 17134 (10.0.17134.1)

CPU:total 4 (initial active 4) (4 cores per cpu, 1 threads per core) family 6 model 158 stepping 9, cmov, cx8, fxsr, mmx, sse, sse2, sse3, ssse3, sse4.1, sse4.2, popcnt, avx, avx2, aes, clmul, erms, 3dnowpref, lzcnt, tsc, tscinvbit, bmi1, bmi2, adx

Memory: 4k page, physical 8260772k(3017536k free), swap 23726496k(5612k free)

vm_info: Java HotSpot(TM) 64-Bit Server VM (25.171-b11) for windows-amd64 JRE (1.8.0_171-b11), built on Mar 28 2018 16:06:12 by "java_re" with MS VC++ 10.0 (VS2010)

time: Tue Dec 18 23:43:21 2018
elapsed time: 0 seconds (0d 0h 0m 0s)

